<?xml version="1.0" encoding="UTF-8"?>
<!-- Generated by org.testng.reporters.JUnitReportReporter -->
<testsuite hostname="RND-03" name="com.player.mp3.MP3PlayerTestCase" tests="1" failures="0" timestamp="3 Jul 2014 07:28:50 GMT" time="30.009" errors="0">
  <testcase name="testShouldStopPlayingWhenStopIsCalled" time="30.009" classname="com.player.mp3.MP3PlayerTestCase"/>
</testsuite> <!-- com.player.mp3.MP3PlayerTestCase -->
